Determining if the pthread_create exist failed with the following output:
Change Dir: /home/srijan1804/github/Autonomous-Drone-for-Dynamic-Smoke-Plume-Tracking/build/catkin_tools_prebuild/CMakeFiles/CMakeTmp

Run Build Command:"/usr/bin/make" "cmTC_74711/fast"
/usr/bin/make -f CMakeFiles/cmTC_74711.dir/build.make CMakeFiles/cmTC_74711.dir/build
make[1]: Entering directory '/home/srijan1804/github/Autonomous-Drone-for-Dynamic-Smoke-Plume-Tracking/build/catkin_tools_prebuild/CMakeFiles/CMakeTmp'
Building C object CMakeFiles/cmTC_74711.dir/CheckSymbolExists.c.o
/usr/bin/cc    -o CMakeFiles/cmTC_74711.dir/CheckSymbolExists.c.o   -c /home/srijan1804/github/Autonomous-Drone-for-Dynamic-Smoke-Plume-Tracking/build/catkin_tools_prebuild/CMakeFiles/CMakeTmp/CheckSymbolExists.c
Linking C executable cmTC_74711
/usr/bin/cmake -E cmake_link_script CMakeFiles/cmTC_74711.dir/link.txt --verbose=1
/usr/bin/cc      -rdynamic CMakeFiles/cmTC_74711.dir/CheckSymbolExists.c.o  -o cmTC_74711 
CMakeFiles/cmTC_74711.dir/CheckSymbolExists.c.o: In function `main':
CheckSymbolExists.c:(.text+0x1b): undefined reference to `pthread_create'
collect2: error: ld returned 1 exit status
CMakeFiles/cmTC_74711.dir/build.make:97: recipe for target 'cmTC_74711' failed
make[1]: *** [cmTC_74711] Error 1
make[1]: Leaving directory '/home/srijan1804/github/Autonomous-Drone-for-Dynamic-Smoke-Plume-Tracking/build/catkin_tools_prebuild/CMakeFiles/CMakeTmp'
Makefile:126: recipe for target 'cmTC_74711/fast' failed
make: *** [cmTC_74711/fast] Error 2

File /home/srijan1804/github/Autonomous-Drone-for-Dynamic-Smoke-Plume-Tracking/build/catkin_tools_prebuild/CMakeFiles/CMakeTmp/CheckSymbolExists.c:
/* */
#include <pthread.h>

int main(int argc, char** argv)
{
  (void)argv;
#ifndef pthread_create
  return ((int*)(&pthread_create))[argc];
#else
  (void)argc;
  return 0;
#endif
}

Determining if the function pthread_create exists in the pthreads failed with the following output:
Change Dir: /home/srijan1804/github/Autonomous-Drone-for-Dynamic-Smoke-Plume-Tracking/build/catkin_tools_prebuild/CMakeFiles/CMakeTmp

Run Build Command:"/usr/bin/make" "cmTC_39723/fast"
/usr/bin/make -f CMakeFiles/cmTC_39723.dir/build.make CMakeFiles/cmTC_39723.dir/build
make[1]: Entering directory '/home/srijan1804/github/Autonomous-Drone-for-Dynamic-Smoke-Plume-Tracking/build/catkin_tools_prebuild/CMakeFiles/CMakeTmp'
Building C object CMakeFiles/cmTC_39723.dir/CheckFunctionExists.c.o
/usr/bin/cc   -DCHECK_FUNCTION_EXISTS=pthread_create   -o CMakeFiles/cmTC_39723.dir/CheckFunctionExists.c.o   -c /usr/share/cmake-3.10/Modules/CheckFunctionExists.c
Linking C executable cmTC_39723
/usr/bin/cmake -E cmake_link_script CMakeFiles/cmTC_39723.dir/link.txt --verbose=1
/usr/bin/cc  -DCHECK_FUNCTION_EXISTS=pthread_create    -rdynamic CMakeFiles/cmTC_39723.dir/CheckFunctionExists.c.o  -o cmTC_39723 -lpthreads 
/usr/bin/ld: cannot find -lpthreads
collect2: error: ld returned 1 exit status
CMakeFiles/cmTC_39723.dir/build.make:97: recipe for target 'cmTC_39723' failed
make[1]: *** [cmTC_39723] Error 1
make[1]: Leaving directory '/home/srijan1804/github/Autonomous-Drone-for-Dynamic-Smoke-Plume-Tracking/build/catkin_tools_prebuild/CMakeFiles/CMakeTmp'
Makefile:126: recipe for target 'cmTC_39723/fast' failed
make: *** [cmTC_39723/fast] Error 2


